{"contracts\\CarbonCredits_LatinHack.sol":{"l":{"33":14,"34":13,"38":0,"39":0,"49":20,"50":20,"51":20,"62":0,"69":16,"70":16,"75":1,"76":1,"81":1,"82":1,"87":1,"88":1,"101":13,"102":13,"109":13,"110":12,"115":2,"116":1},"path":"D:\\Dev\\latin-hack-project\\blockchain\\contracts\\CarbonCredits_LatinHack.sol","s":{"1":14,"2":0,"3":20,"4":20,"5":20,"6":0,"7":16,"8":16,"9":1,"10":1,"11":1,"12":1,"13":1,"14":1,"15":13,"16":13,"17":12,"18":2,"19":1},"b":{"1":[0,0],"2":[16,1],"3":[1,1],"4":[1,0],"5":[1,0],"6":[13,1]},"f":{"1":14,"2":0,"3":20,"4":0,"5":16,"6":1,"7":1,"8":1,"9":13,"10":2},"fnMap":{"1":{"name":"onlyCertifier","line":32,"loc":{"start":{"line":32,"column":4},"end":{"line":35,"column":4}}},"2":{"name":"onlyVerifier","line":37,"loc":{"start":{"line":37,"column":4},"end":{"line":40,"column":4}}},"3":{"name":"constructor","line":48,"loc":{"start":{"line":48,"column":4},"end":{"line":52,"column":4}}},"4":{"name":"supportsInterface","line":61,"loc":{"start":{"line":61,"column":4},"end":{"line":63,"column":4}}},"5":{"name":"grantCertifierRole","line":68,"loc":{"start":{"line":68,"column":4},"end":{"line":71,"column":4}}},"6":{"name":"revokeCertifierRole","line":74,"loc":{"start":{"line":74,"column":4},"end":{"line":77,"column":4}}},"7":{"name":"grantVerifierRole","line":80,"loc":{"start":{"line":80,"column":4},"end":{"line":83,"column":4}}},"8":{"name":"revokeVerifierRole","line":86,"loc":{"start":{"line":86,"column":4},"end":{"line":89,"column":4}}},"9":{"name":"certifyAndMintCarbonCredit","line":100,"loc":{"start":{"line":94,"column":4},"end":{"line":111,"column":4}}},"10":{"name":"retireCredit","line":114,"loc":{"start":{"line":114,"column":4},"end":{"line":117,"column":4}}}},"statementMap":{"1":{"start":{"line":33,"column":8},"end":{"line":33,"column":33}},"2":{"start":{"line":38,"column":8},"end":{"line":38,"column":32}},"3":{"start":{"line":49,"column":8},"end":{"line":49,"column":51}},"4":{"start":{"line":50,"column":8},"end":{"line":50,"column":47}},"5":{"start":{"line":51,"column":8},"end":{"line":51,"column":47}},"6":{"start":{"line":62,"column":8},"end":{"line":62,"column":112}},"7":{"start":{"line":69,"column":8},"end":{"line":69,"column":44}},"8":{"start":{"line":70,"column":8},"end":{"line":70,"column":44}},"9":{"start":{"line":75,"column":8},"end":{"line":75,"column":45}},"10":{"start":{"line":76,"column":8},"end":{"line":76,"column":44}},"11":{"start":{"line":81,"column":8},"end":{"line":81,"column":42}},"12":{"start":{"line":82,"column":8},"end":{"line":82,"column":42}},"13":{"start":{"line":87,"column":8},"end":{"line":87,"column":43}},"14":{"start":{"line":88,"column":8},"end":{"line":88,"column":42}},"15":{"start":{"line":101,"column":8},"end":{"line":101,"column":41}},"16":{"start":{"line":109,"column":8},"end":{"line":109,"column":51}},"17":{"start":{"line":110,"column":8},"end":{"line":110,"column":97}},"18":{"start":{"line":115,"column":8},"end":{"line":115,"column":41}},"19":{"start":{"line":116,"column":8},"end":{"line":116,"column":56}}},"branchMap":{"1":{"line":62,"type":"cond-expr","locations":[{"start":{"line":62,"column":15},"end":{"line":62,"column":71}},{"start":{"line":62,"column":76},"end":{"line":62,"column":111}}]},"2":{"line":68,"type":"if","locations":[{"start":{"line":68,"column":60},"end":{"line":68,"column":60}},{"start":{"line":68,"column":60},"end":{"line":68,"column":60}}]},"3":{"line":74,"type":"if","locations":[{"start":{"line":74,"column":61},"end":{"line":74,"column":61}},{"start":{"line":74,"column":61},"end":{"line":74,"column":61}}]},"4":{"line":80,"type":"if","locations":[{"start":{"line":80,"column":58},"end":{"line":80,"column":58}},{"start":{"line":80,"column":58},"end":{"line":80,"column":58}}]},"5":{"line":86,"type":"if","locations":[{"start":{"line":86,"column":59},"end":{"line":86,"column":59}},{"start":{"line":86,"column":59},"end":{"line":86,"column":59}}]},"6":{"line":100,"type":"if","locations":[{"start":{"line":100,"column":15},"end":{"line":100,"column":15}},{"start":{"line":100,"column":15},"end":{"line":100,"column":15}}]}}},"contracts\\CSA_LatinHack.sol":{"l":{"53":39,"54":34,"60":38,"66":26,"67":26,"69":26,"79":26,"80":26,"84":3,"85":2,"89":24,"90":23,"92":23,"94":23,"95":22,"96":21,"98":20,"101":20,"103":20,"108":5,"110":4,"112":4,"114":3,"117":3,"119":2,"120":2,"124":4,"125":4,"131":7,"132":6,"136":1,"137":1,"141":2,"145":5,"146":4,"147":3,"149":2,"150":2,"152":2,"158":3,"159":2,"161":1,"162":1,"166":21,"167":20,"168":20,"172":1},"path":"D:\\Dev\\latin-hack-project\\blockchain\\contracts\\CSA_LatinHack.sol","s":{"1":39,"2":26,"3":26,"4":26,"5":26,"6":26,"7":3,"8":24,"9":23,"10":23,"11":23,"12":22,"13":21,"14":20,"15":20,"16":5,"17":4,"18":4,"19":3,"20":3,"21":2,"22":4,"23":4,"24":7,"25":6,"26":1,"27":2,"28":5,"29":4,"30":3,"31":2,"32":3,"33":2,"34":1,"35":21,"36":20},"b":{"1":[34,5],"2":[26,2],"3":[3,1],"4":[2,1],"5":[23,1],"6":[22,1],"7":[21,1],"8":[20,1],"9":[4,1],"10":[3,1],"11":[2,1],"12":[4,1],"13":[3,1],"14":[6,1],"15":[4,1],"16":[3,1],"17":[3,1],"18":[2,1],"19":[2,1],"20":[1,1],"21":[20,1],"22":[1,1]},"f":{"1":39,"2":38,"3":26,"4":3,"5":24,"6":5,"7":4,"8":7,"9":1,"10":2,"11":5,"12":3,"13":21,"14":1},"fnMap":{"1":{"name":"onlyOwner","line":52,"loc":{"start":{"line":52,"column":4},"end":{"line":55,"column":4}}},"2":{"name":"constructor","line":59,"loc":{"start":{"line":59,"column":4},"end":{"line":61,"column":4}}},"3":{"name":"createNewSeason","line":65,"loc":{"start":{"line":65,"column":4},"end":{"line":81,"column":4}}},"4":{"name":"closeSeasonSales","line":83,"loc":{"start":{"line":83,"column":4},"end":{"line":86,"column":4}}},"5":{"name":"buyMembership","line":88,"loc":{"start":{"line":88,"column":4},"end":{"line":104,"column":4}}},"6":{"name":"redeemWeeklyBox","line":106,"loc":{"start":{"line":106,"column":4},"end":{"line":121,"column":4}}},"7":{"name":"withdraw","line":123,"loc":{"start":{"line":123,"column":4},"end":{"line":126,"column":4}}},"8":{"name":"balanceOf","line":130,"loc":{"start":{"line":130,"column":4},"end":{"line":133,"column":4}}},"9":{"name":"setApprovalForAll","line":135,"loc":{"start":{"line":135,"column":4},"end":{"line":138,"column":4}}},"10":{"name":"isApprovedForAll","line":140,"loc":{"start":{"line":140,"column":4},"end":{"line":142,"column":4}}},"11":{"name":"safeTransferFrom","line":144,"loc":{"start":{"line":144,"column":4},"end":{"line":155,"column":4}}},"12":{"name":"burn","line":157,"loc":{"start":{"line":157,"column":4},"end":{"line":163,"column":4}}},"13":{"name":"_mint","line":165,"loc":{"start":{"line":165,"column":4},"end":{"line":169,"column":4}}},"14":{"name":"transferOwnership","line":171,"loc":{"start":{"line":171,"column":4},"end":{"line":173,"column":4}}}},"statementMap":{"1":{"start":{"line":53,"column":8},"end":{"line":53,"column":76}},"2":{"start":{"line":66,"column":8},"end":{"line":66,"column":43}},"3":{"start":{"line":67,"column":8},"end":{"line":67,"column":65}},"4":{"start":{"line":69,"column":8},"end":{"line":69,"column":2421}},"5":{"start":{"line":79,"column":8},"end":{"line":79,"column":45}},"6":{"start":{"line":80,"column":8},"end":{"line":80,"column":65}},"7":{"start":{"line":84,"column":8},"end":{"line":84,"column":74}},"8":{"start":{"line":89,"column":8},"end":{"line":89,"column":68}},"9":{"start":{"line":90,"column":8},"end":{"line":90,"column":45}},"10":{"start":{"line":92,"column":8},"end":{"line":92,"column":56}},"11":{"start":{"line":94,"column":8},"end":{"line":94,"column":77}},"12":{"start":{"line":95,"column":8},"end":{"line":95,"column":121}},"13":{"start":{"line":96,"column":8},"end":{"line":96,"column":91}},"14":{"start":{"line":101,"column":8},"end":{"line":101,"column":37}},"15":{"start":{"line":103,"column":8},"end":{"line":103,"column":57}},"16":{"start":{"line":108,"column":8},"end":{"line":108,"column":94}},"17":{"start":{"line":110,"column":8},"end":{"line":110,"column":49}},"18":{"start":{"line":112,"column":8},"end":{"line":112,"column":130}},"19":{"start":{"line":114,"column":8},"end":{"line":114,"column":76}},"20":{"start":{"line":117,"column":8},"end":{"line":117,"column":116}},"21":{"start":{"line":120,"column":8},"end":{"line":120,"column":59}},"22":{"start":{"line":124,"column":8},"end":{"line":124,"column":71}},"23":{"start":{"line":125,"column":8},"end":{"line":125,"column":47}},"24":{"start":{"line":131,"column":8},"end":{"line":131,"column":68}},"25":{"start":{"line":132,"column":8},"end":{"line":132,"column":37}},"26":{"start":{"line":137,"column":8},"end":{"line":137,"column":59}},"27":{"start":{"line":141,"column":8},"end":{"line":141,"column":52}},"28":{"start":{"line":145,"column":8},"end":{"line":145,"column":98}},"29":{"start":{"line":146,"column":8},"end":{"line":146,"column":87}},"30":{"start":{"line":147,"column":8},"end":{"line":147,"column":78}},"31":{"start":{"line":152,"column":8},"end":{"line":152,"column":61}},"32":{"start":{"line":158,"column":8},"end":{"line":158,"column":79}},"33":{"start":{"line":159,"column":8},"end":{"line":159,"column":90}},"34":{"start":{"line":162,"column":8},"end":{"line":162,"column":69}},"35":{"start":{"line":166,"column":8},"end":{"line":166,"column":83}},"36":{"start":{"line":168,"column":8},"end":{"line":168,"column":67}}},"branchMap":{"1":{"line":53,"type":"if","locations":[{"start":{"line":53,"column":8},"end":{"line":53,"column":8}},{"start":{"line":53,"column":8},"end":{"line":53,"column":8}}]},"2":{"line":65,"type":"if","locations":[{"start":{"line":65,"column":122},"end":{"line":65,"column":122}},{"start":{"line":65,"column":122},"end":{"line":65,"column":122}}]},"3":{"line":83,"type":"if","locations":[{"start":{"line":83,"column":57},"end":{"line":83,"column":57}},{"start":{"line":83,"column":57},"end":{"line":83,"column":57}}]},"4":{"line":84,"type":"if","locations":[{"start":{"line":84,"column":8},"end":{"line":84,"column":8}},{"start":{"line":84,"column":8},"end":{"line":84,"column":8}}]},"5":{"line":89,"type":"if","locations":[{"start":{"line":89,"column":8},"end":{"line":89,"column":8}},{"start":{"line":89,"column":8},"end":{"line":89,"column":8}}]},"6":{"line":94,"type":"if","locations":[{"start":{"line":94,"column":8},"end":{"line":94,"column":8}},{"start":{"line":94,"column":8},"end":{"line":94,"column":8}}]},"7":{"line":95,"type":"if","locations":[{"start":{"line":95,"column":8},"end":{"line":95,"column":8}},{"start":{"line":95,"column":8},"end":{"line":95,"column":8}}]},"8":{"line":96,"type":"if","locations":[{"start":{"line":96,"column":8},"end":{"line":96,"column":8}},{"start":{"line":96,"column":8},"end":{"line":96,"column":8}}]},"9":{"line":108,"type":"if","locations":[{"start":{"line":108,"column":8},"end":{"line":108,"column":8}},{"start":{"line":108,"column":8},"end":{"line":108,"column":8}}]},"10":{"line":112,"type":"if","locations":[{"start":{"line":112,"column":8},"end":{"line":112,"column":8}},{"start":{"line":112,"column":8},"end":{"line":112,"column":8}}]},"11":{"line":117,"type":"if","locations":[{"start":{"line":117,"column":8},"end":{"line":117,"column":8}},{"start":{"line":117,"column":8},"end":{"line":117,"column":8}}]},"12":{"line":123,"type":"if","locations":[{"start":{"line":123,"column":33},"end":{"line":123,"column":33}},{"start":{"line":123,"column":33},"end":{"line":123,"column":33}}]},"13":{"line":125,"type":"if","locations":[{"start":{"line":125,"column":8},"end":{"line":125,"column":8}},{"start":{"line":125,"column":8},"end":{"line":125,"column":8}}]},"14":{"line":131,"type":"if","locations":[{"start":{"line":131,"column":8},"end":{"line":131,"column":8}},{"start":{"line":131,"column":8},"end":{"line":131,"column":8}}]},"15":{"line":145,"type":"if","locations":[{"start":{"line":145,"column":8},"end":{"line":145,"column":8}},{"start":{"line":145,"column":8},"end":{"line":145,"column":8}}]},"16":{"line":145,"type":"cond-expr","locations":[{"start":{"line":145,"column":16},"end":{"line":145,"column":33}},{"start":{"line":145,"column":38},"end":{"line":145,"column":71}}]},"17":{"line":146,"type":"if","locations":[{"start":{"line":146,"column":8},"end":{"line":146,"column":8}},{"start":{"line":146,"column":8},"end":{"line":146,"column":8}}]},"18":{"line":147,"type":"if","locations":[{"start":{"line":147,"column":8},"end":{"line":147,"column":8}},{"start":{"line":147,"column":8},"end":{"line":147,"column":8}}]},"19":{"line":158,"type":"if","locations":[{"start":{"line":158,"column":8},"end":{"line":158,"column":8}},{"start":{"line":158,"column":8},"end":{"line":158,"column":8}}]},"20":{"line":159,"type":"if","locations":[{"start":{"line":159,"column":8},"end":{"line":159,"column":8}},{"start":{"line":159,"column":8},"end":{"line":159,"column":8}}]},"21":{"line":166,"type":"if","locations":[{"start":{"line":166,"column":8},"end":{"line":166,"column":8}},{"start":{"line":166,"column":8},"end":{"line":166,"column":8}}]},"22":{"line":171,"type":"if","locations":[{"start":{"line":171,"column":58},"end":{"line":171,"column":58}},{"start":{"line":171,"column":58},"end":{"line":171,"column":58}}]}}},"contracts\\interfaces\\ICarbonCredits_LatinHack.sol":{"l":{},"path":"D:\\Dev\\latin-hack-project\\blockchain\\contracts\\interfaces\\ICarbonCredits_LatinHack.sol","s":{},"b":{},"f":{},"fnMap":{},"statementMap":{},"branchMap":{}},"contracts\\mock\\TestCSALatinHackHelper.sol":{"l":{"11":1},"path":"D:\\Dev\\latin-hack-project\\blockchain\\contracts\\mock\\TestCSALatinHackHelper.sol","s":{"1":1},"b":{},"f":{"1":1,"2":1},"fnMap":{"1":{"name":"constructor","line":8,"loc":{"start":{"line":8,"column":4},"end":{"line":8,"column":67}}},"2":{"name":"testMint","line":10,"loc":{"start":{"line":10,"column":4},"end":{"line":12,"column":4}}}},"statementMap":{"1":{"start":{"line":11,"column":8},"end":{"line":11,"column":28}}},"branchMap":{}},"contracts\\RecyclingCredits_LatinHack.sol":{"l":{"48":8,"49":6,"53":13,"54":12,"60":17,"61":17,"62":17,"68":5,"69":5,"73":1,"74":1,"89":12,"91":12,"100":12,"102":11,"110":2,"111":1,"117":7,"118":6,"122":1,"123":1,"127":2,"131":5,"132":4,"133":3,"135":2,"136":2,"138":2,"142":3,"143":2,"145":1,"146":1,"150":12,"151":11,"152":11},"path":"D:\\Dev\\latin-hack-project\\blockchain\\contracts\\RecyclingCredits_LatinHack.sol","s":{"1":8,"2":13,"3":17,"4":5,"5":1,"6":12,"7":12,"8":11,"9":2,"10":1,"11":7,"12":6,"13":1,"14":2,"15":5,"16":4,"17":3,"18":2,"19":3,"20":2,"21":1,"22":12,"23":11},"b":{"1":[6,2],"2":[12,1],"3":[5,1],"4":[1,1],"5":[12,1],"6":[6,1],"7":[4,1],"8":[3,1],"9":[3,1],"10":[2,1],"11":[2,1],"12":[1,1],"13":[11,1]},"f":{"1":8,"2":13,"3":17,"4":5,"5":1,"6":12,"7":2,"8":7,"9":1,"10":2,"11":5,"12":3,"13":12},"fnMap":{"1":{"name":"onlyOwner","line":47,"loc":{"start":{"line":47,"column":4},"end":{"line":50,"column":4}}},"2":{"name":"onlyCertifier","line":52,"loc":{"start":{"line":52,"column":4},"end":{"line":55,"column":4}}},"3":{"name":"constructor","line":59,"loc":{"start":{"line":59,"column":4},"end":{"line":63,"column":4}}},"4":{"name":"grantCertifierRole","line":67,"loc":{"start":{"line":67,"column":4},"end":{"line":70,"column":4}}},"5":{"name":"revokeCertifierRole","line":72,"loc":{"start":{"line":72,"column":4},"end":{"line":75,"column":4}}},"6":{"name":"certifyAndMintBatch","line":88,"loc":{"start":{"line":82,"column":4},"end":{"line":103,"column":4}}},"7":{"name":"retireCredits","line":108,"loc":{"start":{"line":108,"column":4},"end":{"line":112,"column":4}}},"8":{"name":"balanceOf","line":116,"loc":{"start":{"line":116,"column":4},"end":{"line":119,"column":4}}},"9":{"name":"setApprovalForAll","line":121,"loc":{"start":{"line":121,"column":4},"end":{"line":124,"column":4}}},"10":{"name":"isApprovedForAll","line":126,"loc":{"start":{"line":126,"column":4},"end":{"line":128,"column":4}}},"11":{"name":"safeTransferFrom","line":130,"loc":{"start":{"line":130,"column":4},"end":{"line":139,"column":4}}},"12":{"name":"burn","line":141,"loc":{"start":{"line":141,"column":4},"end":{"line":147,"column":4}}},"13":{"name":"_mint","line":149,"loc":{"start":{"line":149,"column":4},"end":{"line":153,"column":4}}}},"statementMap":{"1":{"start":{"line":48,"column":8},"end":{"line":48,"column":62}},"2":{"start":{"line":53,"column":8},"end":{"line":53,"column":68}},"3":{"start":{"line":62,"column":8},"end":{"line":62,"column":47}},"4":{"start":{"line":69,"column":8},"end":{"line":69,"column":44}},"5":{"start":{"line":74,"column":8},"end":{"line":74,"column":44}},"6":{"start":{"line":89,"column":8},"end":{"line":89,"column":41}},"7":{"start":{"line":100,"column":8},"end":{"line":100,"column":45}},"8":{"start":{"line":102,"column":8},"end":{"line":102,"column":91}},"9":{"start":{"line":110,"column":8},"end":{"line":110,"column":41}},"10":{"start":{"line":111,"column":8},"end":{"line":111,"column":57}},"11":{"start":{"line":117,"column":8},"end":{"line":117,"column":68}},"12":{"start":{"line":118,"column":8},"end":{"line":118,"column":37}},"13":{"start":{"line":123,"column":8},"end":{"line":123,"column":59}},"14":{"start":{"line":127,"column":8},"end":{"line":127,"column":52}},"15":{"start":{"line":131,"column":8},"end":{"line":131,"column":98}},"16":{"start":{"line":132,"column":8},"end":{"line":132,"column":87}},"17":{"start":{"line":133,"column":8},"end":{"line":133,"column":78}},"18":{"start":{"line":138,"column":8},"end":{"line":138,"column":61}},"19":{"start":{"line":142,"column":8},"end":{"line":142,"column":90}},"20":{"start":{"line":143,"column":8},"end":{"line":143,"column":90}},"21":{"start":{"line":146,"column":8},"end":{"line":146,"column":69}},"22":{"start":{"line":150,"column":8},"end":{"line":150,"column":83}},"23":{"start":{"line":152,"column":8},"end":{"line":152,"column":67}}},"branchMap":{"1":{"line":48,"type":"if","locations":[{"start":{"line":48,"column":8},"end":{"line":48,"column":8}},{"start":{"line":48,"column":8},"end":{"line":48,"column":8}}]},"2":{"line":53,"type":"if","locations":[{"start":{"line":53,"column":8},"end":{"line":53,"column":8}},{"start":{"line":53,"column":8},"end":{"line":53,"column":8}}]},"3":{"line":67,"type":"if","locations":[{"start":{"line":67,"column":60},"end":{"line":67,"column":60}},{"start":{"line":67,"column":60},"end":{"line":67,"column":60}}]},"4":{"line":72,"type":"if","locations":[{"start":{"line":72,"column":61},"end":{"line":72,"column":61}},{"start":{"line":72,"column":61},"end":{"line":72,"column":61}}]},"5":{"line":88,"type":"if","locations":[{"start":{"line":88,"column":15},"end":{"line":88,"column":15}},{"start":{"line":88,"column":15},"end":{"line":88,"column":15}}]},"6":{"line":117,"type":"if","locations":[{"start":{"line":117,"column":8},"end":{"line":117,"column":8}},{"start":{"line":117,"column":8},"end":{"line":117,"column":8}}]},"7":{"line":131,"type":"if","locations":[{"start":{"line":131,"column":8},"end":{"line":131,"column":8}},{"start":{"line":131,"column":8},"end":{"line":131,"column":8}}]},"8":{"line":131,"type":"cond-expr","locations":[{"start":{"line":131,"column":16},"end":{"line":131,"column":33}},{"start":{"line":131,"column":38},"end":{"line":131,"column":71}}]},"9":{"line":132,"type":"if","locations":[{"start":{"line":132,"column":8},"end":{"line":132,"column":8}},{"start":{"line":132,"column":8},"end":{"line":132,"column":8}}]},"10":{"line":133,"type":"if","locations":[{"start":{"line":133,"column":8},"end":{"line":133,"column":8}},{"start":{"line":133,"column":8},"end":{"line":133,"column":8}}]},"11":{"line":142,"type":"if","locations":[{"start":{"line":142,"column":8},"end":{"line":142,"column":8}},{"start":{"line":142,"column":8},"end":{"line":142,"column":8}}]},"12":{"line":143,"type":"if","locations":[{"start":{"line":143,"column":8},"end":{"line":143,"column":8}},{"start":{"line":143,"column":8},"end":{"line":143,"column":8}}]},"13":{"line":150,"type":"if","locations":[{"start":{"line":150,"column":8},"end":{"line":150,"column":8}},{"start":{"line":150,"column":8},"end":{"line":150,"column":8}}]}}}}