TN:
SF:D:\Dev\latin-hack-project\blockchain\contracts\BiodiversityCredits_LatinHack.sol
FN:54,onlyAdmin
FN:66,constructor
FN:80,registerProject
FN:94,updateProjectStatus
FN:102,certifyAndMintBatch
FN:118,retireCredits
FN:130,balanceOf
FN:134,setApprovalForAll
FN:139,isApprovedForAll
FN:143,safeTransferFrom
FN:152,burn
FN:160,_mint
FNF:12
FNH:12
FNDA:19,onlyAdmin
FNDA:22,constructor
FNDA:21,registerProject
FNDA:18,updateProjectStatus
FNDA:16,certifyAndMintBatch
FNDA:3,retireCredits
FNDA:7,balanceOf
FNDA:2,setApprovalForAll
FNDA:4,isApprovedForAll
FNDA:5,safeTransferFrom
FNDA:4,burn
FNDA:14,_mint
DA:55,19
DA:56,18
DA:67,22
DA:81,21
DA:82,20
DA:83,20
DA:90,20
DA:91,20
DA:95,18
DA:96,17
DA:97,17
DA:103,16
DA:104,16
DA:105,15
DA:107,14
DA:108,14
DA:114,14
DA:115,13
DA:119,3
DA:120,3
DA:122,1
DA:124,1
DA:125,1
DA:131,7
DA:135,2
DA:136,2
DA:140,4
DA:144,5
DA:145,4
DA:146,3
DA:147,2
DA:148,2
DA:149,2
DA:153,4
DA:154,3
DA:156,2
DA:157,2
DA:161,14
DA:162,13
DA:163,13
LF:40
LH:40
BRDA:55,1,0,18
BRDA:55,1,1,1
BRDA:81,2,0,20
BRDA:81,2,1,1
BRDA:94,3,0,18
BRDA:94,3,1,1
BRDA:95,4,0,17
BRDA:95,4,1,1
BRDA:104,5,0,15
BRDA:104,5,1,1
BRDA:105,6,0,14
BRDA:105,6,1,1
BRDA:120,7,0,1
BRDA:120,7,1,2
BRDA:144,8,0,4
BRDA:144,8,1,1
BRDA:144,9,0,3
BRDA:144,9,1,1
BRDA:145,10,0,3
BRDA:145,10,1,1
BRDA:146,11,0,2
BRDA:146,11,1,1
BRDA:153,12,0,3
BRDA:153,12,1,1
BRDA:153,13,0,2
BRDA:153,13,1,1
BRDA:154,14,0,2
BRDA:154,14,1,1
BRDA:161,15,0,13
BRDA:161,15,1,1
BRF:30
BRH:30
end_of_record
TN:
SF:D:\Dev\latin-hack-project\blockchain\contracts\CSA_LatinHack.sol
FN:52,onlyOwner
FN:59,constructor
FN:65,createNewSeason
FN:83,closeSeasonSales
FN:88,buyMembership
FN:106,redeemWeeklyBox
FN:123,withdraw
FN:130,balanceOf
FN:135,setApprovalForAll
FN:140,isApprovedForAll
FN:144,safeTransferFrom
FN:157,burn
FN:165,_mint
FN:171,transferOwnership
FNF:14
FNH:14
FNDA:39,onlyOwner
FNDA:38,constructor
FNDA:26,createNewSeason
FNDA:3,closeSeasonSales
FNDA:24,buyMembership
FNDA:5,redeemWeeklyBox
FNDA:4,withdraw
FNDA:7,balanceOf
FNDA:1,setApprovalForAll
FNDA:2,isApprovedForAll
FNDA:5,safeTransferFrom
FNDA:3,burn
FNDA:21,_mint
FNDA:1,transferOwnership
DA:53,39
DA:54,34
DA:60,38
DA:66,26
DA:67,26
DA:69,26
DA:79,26
DA:80,26
DA:84,3
DA:85,2
DA:89,24
DA:90,23
DA:92,23
DA:94,23
DA:95,22
DA:96,21
DA:98,20
DA:101,20
DA:103,20
DA:108,5
DA:110,4
DA:112,4
DA:114,3
DA:117,3
DA:119,2
DA:120,2
DA:124,4
DA:125,4
DA:131,7
DA:132,6
DA:136,1
DA:137,1
DA:141,2
DA:145,5
DA:146,4
DA:147,3
DA:149,2
DA:150,2
DA:152,2
DA:158,3
DA:159,2
DA:161,1
DA:162,1
DA:166,21
DA:167,20
DA:168,20
DA:172,1
LF:47
LH:47
BRDA:53,1,0,34
BRDA:53,1,1,5
BRDA:65,2,0,26
BRDA:65,2,1,2
BRDA:83,3,0,3
BRDA:83,3,1,1
BRDA:84,4,0,2
BRDA:84,4,1,1
BRDA:89,5,0,23
BRDA:89,5,1,1
BRDA:94,6,0,22
BRDA:94,6,1,1
BRDA:95,7,0,21
BRDA:95,7,1,1
BRDA:96,8,0,20
BRDA:96,8,1,1
BRDA:108,9,0,4
BRDA:108,9,1,1
BRDA:112,10,0,3
BRDA:112,10,1,1
BRDA:117,11,0,2
BRDA:117,11,1,1
BRDA:123,12,0,4
BRDA:123,12,1,1
BRDA:125,13,0,3
BRDA:125,13,1,1
BRDA:131,14,0,6
BRDA:131,14,1,1
BRDA:145,15,0,4
BRDA:145,15,1,1
BRDA:145,16,0,3
BRDA:145,16,1,1
BRDA:146,17,0,3
BRDA:146,17,1,1
BRDA:147,18,0,2
BRDA:147,18,1,1
BRDA:158,19,0,2
BRDA:158,19,1,1
BRDA:159,20,0,1
BRDA:159,20,1,1
BRDA:166,21,0,20
BRDA:166,21,1,1
BRDA:171,22,0,1
BRDA:171,22,1,1
BRF:44
BRH:44
end_of_record
TN:
SF:D:\Dev\latin-hack-project\blockchain\contracts\mock\TestCSALatinHackHelper.sol
FN:8,constructor
FN:10,testMint
FNF:2
FNH:2
FNDA:1,constructor
FNDA:1,testMint
DA:11,1
LF:1
LH:1
BRF:0
BRH:0
end_of_record
TN:
SF:D:\Dev\latin-hack-project\blockchain\contracts\RecyclingCredits_LatinHack.sol
FN:47,onlyOwner
FN:52,onlyCertifier
FN:59,constructor
FN:67,grantCertifierRole
FN:72,revokeCertifierRole
FN:88,certifyAndMintBatch
FN:108,retireCredits
FN:116,balanceOf
FN:121,setApprovalForAll
FN:126,isApprovedForAll
FN:130,safeTransferFrom
FN:141,burn
FN:149,_mint
FNF:13
FNH:13
FNDA:8,onlyOwner
FNDA:13,onlyCertifier
FNDA:17,constructor
FNDA:5,grantCertifierRole
FNDA:1,revokeCertifierRole
FNDA:12,certifyAndMintBatch
FNDA:2,retireCredits
FNDA:7,balanceOf
FNDA:1,setApprovalForAll
FNDA:2,isApprovedForAll
FNDA:5,safeTransferFrom
FNDA:3,burn
FNDA:12,_mint
DA:48,8
DA:49,6
DA:53,13
DA:54,12
DA:60,17
DA:61,17
DA:62,17
DA:68,5
DA:69,5
DA:73,1
DA:74,1
DA:89,12
DA:91,12
DA:100,12
DA:102,11
DA:110,2
DA:111,1
DA:117,7
DA:118,6
DA:122,1
DA:123,1
DA:127,2
DA:131,5
DA:132,4
DA:133,3
DA:135,2
DA:136,2
DA:138,2
DA:142,3
DA:143,2
DA:145,1
DA:146,1
DA:150,12
DA:151,11
DA:152,11
LF:35
LH:35
BRDA:48,1,0,6
BRDA:48,1,1,2
BRDA:53,2,0,12
BRDA:53,2,1,1
BRDA:67,3,0,5
BRDA:67,3,1,1
BRDA:72,4,0,1
BRDA:72,4,1,1
BRDA:88,5,0,12
BRDA:88,5,1,1
BRDA:117,6,0,6
BRDA:117,6,1,1
BRDA:131,7,0,4
BRDA:131,7,1,1
BRDA:131,8,0,3
BRDA:131,8,1,1
BRDA:132,9,0,3
BRDA:132,9,1,1
BRDA:133,10,0,2
BRDA:133,10,1,1
BRDA:142,11,0,2
BRDA:142,11,1,1
BRDA:143,12,0,1
BRDA:143,12,1,1
BRDA:150,13,0,11
BRDA:150,13,1,1
BRF:26
BRH:26
end_of_record
